{"name": "test_logout", "status": "broken", "statusDetails": {"message": "TypeError: can only concatenate str (not \"Moment\") to str", "trace": "self = <login_test.TestLogin object at 0x000002E35C6F6FF0>\n\n    def test_logout(self):\n        try:\n            homePage = HomePage(self.driver)\n            homePage.open_user_dropdown()\n            homePage.click_logout()\n            page_title = self.driver.title\n>           assert page_title==\"OrangeHR\"\nE           AssertionError: assert 'OrangeHRM' == 'OrangeHR'\nE             \nE             \u001b[0m\u001b[91m- OrangeHR\u001b[39;49;00m\u001b[90m\u001b[39;49;00m\nE             \u001b[92m+ OrangeHRM\u001b[39;49;00m\u001b[90m\u001b[39;49;00m\nE             ?         +\u001b[90m\u001b[39;49;00m\n\ntests\\login_test.py:25: AssertionError\n\nDuring handling of the above exception, another exception occurred:\n\nself = <login_test.TestLogin object at 0x000002E35C6F6FF0>\n\n    def test_logout(self):\n        try:\n            homePage = HomePage(self.driver)\n            homePage.open_user_dropdown()\n            homePage.click_logout()\n            page_title = self.driver.title\n            assert page_title==\"OrangeHR\"\n        except AssertionError as error:\n            print(error)\n            print(\"Assertion error Occurred\")\n>           allure.attach(self.driver.get_screenshot_as_png(),name=\"Screenshot_\"+moment.now(),attachment_type=allure.attachment_type.PNG)\n                                                                   ^^^^^^^^^^^^^^^^^^^^^^^^^^\nE           TypeError: can only concatenate str (not \"Moment\") to str\n\ntests\\login_test.py:29: TypeError"}, "attachments": [{"name": "stdout", "source": "15a16bb7-47ef-4de8-b011-4a054bf9044e-attachment.txt", "type": "text/plain"}], "start": 1750004257026, "stop": 1750004260170, "uuid": "bcf391fc-5e6a-437d-a02d-905a758b0c0a", "historyId": "e89a5a0e9aefe451ee262eba82370b01", "testCaseId": "e89a5a0e9aefe451ee262eba82370b01", "fullName": "tests.login_test.TestLogin#test_logout", "labels": [{"name": "parentSuite", "value": "tests"}, {"name": "suite", "value": "login_test"}, {"name": "subSuite", "value": "TestLogin"}, {"name": "host", "value": "PanSan"}, {"name": "thread", "value": "11072-MainThread"}, {"name": "framework", "value": "pytest"}, {"name": "language", "value": "cpython3"}, {"name": "package", "value": "tests.login_test"}]}